# JRE version: OpenJDK Runtime Environment (8.0_152-b06) (build 1.8.0_152-release-1136-b06)
# Java VM: OpenJDK 64-Bit Server VM (25.152-b06 mixed mode windows-amd64 compressed oops)
Heap:
 PSYoungGen      total 479232K, used 242427K [0x00000000e0000000, 0x0000000100000000, 0x0000000100000000)
  eden space 440320K, 48% used [0x00000000e0000000,0x00000000ecfc69f0,0x00000000fae00000)
  from space 38912K, 76% used [0x00000000fae00000,0x00000000fcaf8378,0x00000000fd400000)
  to   space 41472K, 0% used [0x00000000fd780000,0x00000000fd780000,0x0000000100000000)
 ParOldGen       total 108544K, used 47158K [0x00000000a0000000, 0x00000000a6a00000, 0x00000000e0000000)
  object space 108544K, 43% used [0x00000000a0000000,0x00000000a2e0dab8,0x00000000a6a00000)
 Metaspace       used 89790K, capacity 93910K, committed 94356K, reserved 1132544K
  class space    used 11134K, capacity 11952K, committed 12180K, reserved 1048576K
GC Heap History (10 events):
Event: 9508.736 GC heap before
{Heap before GC invocations=33 (full 4):
 PSYoungGen      total 482304K, used 447008K [0x00000000e0000000, 0x00000000ffe80000, 0x0000000100000000)
  eden space 441856K, 100% used [0x00000000e0000000,0x00000000faf80000,0x00000000faf80000)
  from space 40448K, 12% used [0x00000000fd700000,0x00000000fdc080a0,0x00000000ffe80000)
  to   space 40448K, 0% used [0x00000000faf80000,0x00000000faf80000,0x00000000fd700000)
 ParOldGen       total 108544K, used 45024K [0x00000000a0000000, 0x00000000a6a00000, 0x00000000e0000000)
  object space 108544K, 41% used [0x00000000a0000000,0x00000000a2bf8378,0x00000000a6a00000)
 Metaspace       used 88499K, capacity 92014K, committed 93332K, reserved 1130496K
  class space    used 11025K, capacity 11780K, committed 12180K, reserved 1048576K
Event: 9508.941 GC heap after
Heap after GC invocations=33 (full 4):
 PSYoungGen      total 472576K, used 30658K [0x00000000e0000000, 0x0000000100000000, 0x0000000100000000)
  eden space 441856K, 0% used [0x00000000e0000000,0x00000000e0000000,0x00000000faf80000)
  from space 30720K, 99% used [0x00000000faf80000,0x00000000fcd708d0,0x00000000fcd80000)
  to   space 43520K, 0% used [0x00000000fd580000,0x00000000fd580000,0x0000000100000000)
 ParOldGen       total 108544K, used 46077K [0x00000000a0000000, 0x00000000a6a00000, 0x00000000e0000000)
  object space 108544K, 42% used [0x00000000a0000000,0x00000000a2cff660,0x00000000a6a00000)
 Metaspace       used 88499K, capacity 92014K, committed 93332K, reserved 1130496K
  class space    used 11025K, capacity 11780K, committed 12180K, reserved 1048576K
}
Event: 9548.390 GC heap before
{Heap before GC invocations=34 (full 4):
 PSYoungGen      total 472576K, used 472514K [0x00000000e0000000, 0x0000000100000000, 0x0000000100000000)
  eden space 441856K, 100% used [0x00000000e0000000,0x00000000faf80000,0x00000000faf80000)
  from space 30720K, 99% used [0x00000000faf80000,0x00000000fcd708d0,0x00000000fcd80000)
  to   space 43520K, 0% used [0x00000000fd580000,0x00000000fd580000,0x0000000100000000)
 ParOldGen       total 108544K, used 46077K [0x00000000a0000000, 0x00000000a6a00000, 0x00000000e0000000)
  object space 108544K, 42% used [0x00000000a0000000,0x00000000a2cff660,0x00000000a6a00000)
 Metaspace       used 88652K, capacity 92236K, committed 93588K, reserved 1130496K
  class space    used 11028K, capacity 11785K, committed 12180K, reserved 1048576K
Event: 9548.451 GC heap after
Heap after GC invocations=34 (full 4):
 PSYoungGen      total 481792K, used 6602K [0x00000000e0000000, 0x0000000100000000, 0x0000000100000000)
  eden space 438272K, 0% used [0x00000000e0000000,0x00000000e0000000,0x00000000fac00000)
  from space 43520K, 15% used [0x00000000fd580000,0x00000000fdbf2a38,0x0000000100000000)
  to   space 42496K, 0% used [0x00000000fac00000,0x00000000fac00000,0x00000000fd580000)
 ParOldGen       total 108544K, used 46926K [0x00000000a0000000, 0x00000000a6a00000, 0x00000000e0000000)
  object space 108544K, 43% used [0x00000000a0000000,0x00000000a2dd3aa8,0x00000000a6a00000)
 Metaspace       used 88652K, capacity 92236K, committed 93588K, reserved 1130496K
  class space    used 11028K, capacity 11785K, committed 12180K, reserved 1048576K
}
Event: 9610.147 GC heap before
{Heap before GC invocations=35 (full 4):
 PSYoungGen      total 481792K, used 443478K [0x00000000e0000000, 0x0000000100000000, 0x0000000100000000)
  eden space 438272K, 99% used [0x00000000e0000000,0x00000000faaa3148,0x00000000fac00000)
  from space 43520K, 15% used [0x00000000fd580000,0x00000000fdbf2a38,0x0000000100000000)
  to   space 42496K, 0% used [0x00000000fac00000,0x00000000fac00000,0x00000000fd580000)
 ParOldGen       total 108544K, used 46926K [0x00000000a0000000, 0x00000000a6a00000, 0x00000000e0000000)
  object space 108544K, 43% used [0x00000000a0000000,0x00000000a2dd3aa8,0x00000000a6a00000)
 Metaspace       used 89041K, capacity 92640K, committed 93844K, reserved 1130496K
  class space    used 11056K, capacity 11809K, committed 12180K, reserved 1048576K
Event: 9610.252 GC heap after
Heap after GC invocations=35 (full 4):
 PSYoungGen      total 457728K, used 19149K [0x00000000e0000000, 0x00000000ffc00000, 0x0000000100000000)
  eden space 438272K, 0% used [0x00000000e0000000,0x00000000e0000000,0x00000000fac00000)
  from space 19456K, 98% used [0x00000000fac00000,0x00000000fbeb3718,0x00000000fbf00000)
  to   space 40960K, 0% used [0x00000000fd400000,0x00000000fd400000,0x00000000ffc00000)
 ParOldGen       total 108544K, used 47030K [0x00000000a0000000, 0x00000000a6a00000, 0x00000000e0000000)
  object space 108544K, 43% used [0x00000000a0000000,0x00000000a2dedaa8,0x00000000a6a00000)
 Metaspace       used 89041K, capacity 92640K, committed 93844K, reserved 1130496K
  class space    used 11056K, capacity 11809K, committed 12180K, reserved 1048576K
}
Event: 10394.718 GC heap before
{Heap before GC invocations=36 (full 4):
 PSYoungGen      total 457728K, used 456838K [0x00000000e0000000, 0x00000000ffc00000, 0x0000000100000000)
  eden space 438272K, 99% used [0x00000000e0000000,0x00000000fab6e260,0x00000000fac00000)
  from space 19456K, 98% used [0x00000000fac00000,0x00000000fbeb3718,0x00000000fbf00000)
  to   space 40960K, 0% used [0x00000000fd400000,0x00000000fd400000,0x00000000ffc00000)
 ParOldGen       total 108544K, used 47030K [0x00000000a0000000, 0x00000000a6a00000, 0x00000000e0000000)
  object space 108544K, 43% used [0x00000000a0000000,0x00000000a2dedaa8,0x00000000a6a00000)
 Metaspace       used 89260K, capacity 92954K, committed 94100K, reserved 1130496K
  class space    used 11061K, capacity 11816K, committed 12180K, reserved 1048576K
Event: 10394.874 GC heap after
Heap after GC invocations=36 (full 4):
 PSYoungGen      total 481280K, used 15628K [0x00000000e0000000, 0x0000000100000000, 0x0000000100000000)
  eden space 440320K, 0% used [0x00000000e0000000,0x00000000e0000000,0x00000000fae00000)
  from space 40960K, 38% used [0x00000000fd400000,0x00000000fe3433f8,0x00000000ffc00000)
  to   space 38912K, 0% used [0x00000000fae00000,0x00000000fae00000,0x00000000fd400000)
 ParOldGen       total 108544K, used 47150K [0x00000000a0000000, 0x00000000a6a00000, 0x00000000e0000000)
  object space 108544K, 43% used [0x00000000a0000000,0x00000000a2e0bab8,0x00000000a6a00000)
 Metaspace       used 89260K, capacity 92954K, committed 94100K, reserved 1130496K
  class space    used 11061K, capacity 11816K, committed 12180K, reserved 1048576K
}
Event: 11218.504 GC heap before
{Heap before GC invocations=37 (full 4):
 PSYoungGen      total 481280K, used 455875K [0x00000000e0000000, 0x0000000100000000, 0x0000000100000000)
  eden space 440320K, 99% used [0x00000000e0000000,0x00000000faded978,0x00000000fae00000)
  from space 40960K, 38% used [0x00000000fd400000,0x00000000fe3433f8,0x00000000ffc00000)
  to   space 38912K, 0% used [0x00000000fae00000,0x00000000fae00000,0x00000000fd400000)
 ParOldGen       total 108544K, used 47150K [0x00000000a0000000, 0x00000000a6a00000, 0x00000000e0000000)
  object space 108544K, 43% used [0x00000000a0000000,0x00000000a2e0bab8,0x00000000a6a00000)
 Metaspace       used 89696K, capacity 93812K, committed 94100K, reserved 1130496K
  class space    used 11132K, capacity 11947K, committed 12180K, reserved 1048576K
Event: 11219.002 GC heap after
Heap after GC invocations=37 (full 4):
 PSYoungGen      total 479232K, used 29664K [0x00000000e0000000, 0x0000000100000000, 0x0000000100000000)
  eden space 440320K, 0% used [0x00000000e0000000,0x00000000e0000000,0x00000000fae00000)
  from space 38912K, 76% used [0x00000000fae00000,0x00000000fcaf8378,0x00000000fd400000)
  to   space 41472K, 0% used [0x00000000fd780000,0x00000000fd780000,0x0000000100000000)
 ParOldGen       total 108544K, used 47158K [0x00000000a0000000, 0x00000000a6a00000, 0x00000000e0000000)
  object space 108544K, 43% used [0x00000000a0000000,0x00000000a2e0dab8,0x00000000a6a00000)
 Metaspace       used 89696K, capacity 93812K, committed 94100K, reserved 1130496K
  class space    used 11132K, capacity 11947K, committed 12180K, reserved 1048576K
}

